d:\client-integration\finobe\zlib\win\bin\release\zlib.pdb
d:\client-integration\finobe\zlib\win\obj\release\zutil.obj
d:\client-integration\finobe\zlib\win\obj\release\uncompr.obj
d:\client-integration\finobe\zlib\win\obj\release\trees.obj
d:\client-integration\finobe\zlib\win\obj\release\inftrees.obj
d:\client-integration\finobe\zlib\win\obj\release\inflate.obj
d:\client-integration\finobe\zlib\win\obj\release\inffast.obj
d:\client-integration\finobe\zlib\win\obj\release\infback.obj
d:\client-integration\finobe\zlib\win\obj\release\gzwrite.obj
d:\client-integration\finobe\zlib\win\obj\release\gzread.obj
d:\client-integration\finobe\zlib\win\obj\release\gzlib.obj
d:\client-integration\finobe\zlib\win\obj\release\gzclose.obj
d:\client-integration\finobe\zlib\win\obj\release\deflate.obj
d:\client-integration\finobe\zlib\win\obj\release\crc32.obj
d:\client-integration\finobe\zlib\win\obj\release\compress.obj
d:\client-integration\finobe\zlib\win\obj\release\adler32.obj
d:\client-integration\finobe\zlib\win\bin\release\zlib.lib
d:\client-integration\finobe\zlib\win\obj\release\zlib.tlog\cl.command.1.tlog
d:\client-integration\finobe\zlib\win\obj\release\zlib.tlog\cl.read.1.tlog
d:\client-integration\finobe\zlib\win\obj\release\zlib.tlog\cl.write.1.tlog
d:\client-integration\finobe\zlib\win\obj\release\zlib.tlog\lib-link.write.1.tlog
d:\client-integration\finobe\zlib\win\obj\release\zlib.tlog\lib.command.1.tlog
d:\client-integration\finobe\zlib\win\obj\release\zlib.tlog\lib.read.1.tlog
